[2013-08-20 10:58:15] INFO  WEBrick 1.3.1
[2013-08-20 10:58:15] INFO  ruby 1.9.3 (2013-06-27) [x86_64-linux]
[2013-08-20 10:58:15] INFO  WEBrick::HTTPServer#start: pid=11463 port=80
[2013-08-20 11:02:10] WARN  Could not determine content-length of response body. Set content-length of the response or set Response#chunked = true
[2013-08-20 11:02:10] WARN  Could not determine content-length of response body. Set content-length of the response or set Response#chunked = true
[2013-08-20 11:02:11] WARN  Could not determine content-length of response body. Set content-length of the response or set Response#chunked = true
[2013-08-20 11:02:11] WARN  Could not determine content-length of response body. Set content-length of the response or set Response#chunked = true
[2013-08-20 11:02:11] WARN  Could not determine content-length of response body. Set content-length of the response or set Response#chunked = true
[2013-08-20 11:02:11] WARN  Could not determine content-length of response body. Set content-length of the response or set Response#chunked = true
[2013-08-20 11:02:11] WARN  Could not determine content-length of response body. Set content-length of the response or set Response#chunked = true
[2013-08-20 11:02:11] WARN  Could not determine content-length of response body. Set content-length of the response or set Response#chunked = true
[2013-08-20 11:02:11] WARN  Could not determine content-length of response body. Set content-length of the response or set Response#chunked = true
[2013-08-20 11:02:11] WARN  Could not determine content-length of response body. Set content-length of the response or set Response#chunked = true
[2013-08-20 11:02:11] WARN  Could not determine content-length of response body. Set content-length of the response or set Response#chunked = true
=> Booting WEBrick
=> Rails 4.0.0 application starting in development on http://0.0.0.0:80
=> Run `rails server -h` for more startup options
=> Ctrl-C to shutdown server


Started GET "/supermall" for 127.0.0.1 at 2013-08-20 10:58:18 +0800
Processing by WeixinValidateController#supermall as */*
  Rendered text template (0.1ms)
Sent data  (44.5ms)
Completed 200 OK in 88ms (Views: 44.2ms | ActiveRecord: 0.0ms)


Started GET "/supermall" for 114.242.126.26 at 2013-08-20 10:58:23 +0800
Processing by WeixinValidateController#supermall as HTML
  Rendered text template (0.0ms)
Sent data  (0.9ms)
Completed 200 OK in 2ms (Views: 0.7ms | ActiveRecord: 0.0ms)


Started GET "/" for 114.242.126.26 at 2013-08-20 11:01:39 +0800
Processing by Rails::WelcomeController#index as HTML
  Rendered /usr/local/rvm/gems/ruby-1.9.3-p448/gems/railties-4.0.0/lib/rails/templates/rails/welcome/index.html.erb (33.0ms)
Completed 200 OK in 38ms (Views: 36.6ms | ActiveRecord: 0.0ms)


Started GET "/supermall" for 114.242.126.26 at 2013-08-20 11:01:41 +0800

SyntaxError (/root/projects/market/app/controllers/weixin_validate_controller.rb:15: syntax error, unexpected '=', expecting ')'
      render(:text = >string_for_return)
                    ^):
  activesupport (4.0.0) lib/active_support/dependencies.rb:423:in `load'
  activesupport (4.0.0) lib/active_support/dependencies.rb:423:in `block in load_file'
  activesupport (4.0.0) lib/active_support/dependencies.rb:615:in `new_constants_in'
  activesupport (4.0.0) lib/active_support/dependencies.rb:422:in `load_file'
  activesupport (4.0.0) lib/active_support/dependencies.rb:323:in `require_or_load'
  activesupport (4.0.0) lib/active_support/dependencies.rb:462:in `load_missing_constant'
  activesupport (4.0.0) lib/active_support/dependencies.rb:183:in `const_missing'
  activesupport (4.0.0) lib/active_support/inflector/methods.rb:226:in `const_get'
  activesupport (4.0.0) lib/active_support/inflector/methods.rb:226:in `block in constantize'
  activesupport (4.0.0) lib/active_support/inflector/methods.rb:224:in `each'
  activesupport (4.0.0) lib/active_support/inflector/methods.rb:224:in `inject'
  activesupport (4.0.0) lib/active_support/inflector/methods.rb:224:in `constantize'
  activesupport (4.0.0) lib/active_support/dependencies.rb:534:in `get'
  activesupport (4.0.0) lib/active_support/dependencies.rb:565:in `constantize'
  actionpack (4.0.0) lib/action_dispatch/routing/route_set.rb:76:in `controller_reference'
  actionpack (4.0.0) lib/action_dispatch/routing/route_set.rb:66:in `controller'
  actionpack (4.0.0) lib/action_dispatch/routing/route_set.rb:44:in `call'
  actionpack (4.0.0) lib/action_dispatch/journey/router.rb:71:in `block in call'
  actionpack (4.0.0) lib/action_dispatch/journey/router.rb:59:in `each'
  actionpack (4.0.0) lib/action_dispatch/journey/router.rb:59:in `call'
  actionpack (4.0.0) lib/action_dispatch/routing/route_set.rb:655:in `call'
  rack (1.5.2) lib/rack/etag.rb:23:in `call'
  rack (1.5.2) lib/rack/conditionalget.rb:25:in `call'
  rack (1.5.2) lib/rack/head.rb:11:in `call'
  actionpack (4.0.0) lib/action_dispatch/middleware/params_parser.rb:27:in `call'
  actionpack (4.0.0) lib/action_dispatch/middleware/flash.rb:241:in `call'
  rack (1.5.2) lib/rack/session/abstract/id.rb:225:in `context'
  rack (1.5.2) lib/rack/session/abstract/id.rb:220:in `call'
  actionpack (4.0.0) lib/action_dispatch/middleware/cookies.rb:486:in `call'
  activerecord (4.0.0) lib/active_record/query_cache.rb:36:in `call'
  activerecord (4.0.0) lib/active_record/connection_adapters/abstract/connection_pool.rb:626:in `call'
  activerecord (4.0.0) lib/active_record/migration.rb:369:in `call'
  actionpack (4.0.0) lib/action_dispatch/middleware/callbacks.rb:29:in `block in call'
  activesupport (4.0.0) lib/active_support/callbacks.rb:373:in `_run__2065708017775324079__call__callbacks'
  activesupport (4.0.0) lib/active_support/callbacks.rb:80:in `run_callbacks'
  actionpack (4.0.0) lib/action_dispatch/middleware/callbacks.rb:27:in `call'
  actionpack (4.0.0) lib/action_dispatch/middleware/reloader.rb:64:in `call'
  actionpack (4.0.0) lib/action_dispatch/middleware/remote_ip.rb:76:in `call'
  actionpack (4.0.0) lib/action_dispatch/middleware/debug_exceptions.rb:17:in `call'
  actionpack (4.0.0) lib/action_dispatch/middleware/show_exceptions.rb:30:in `call'
  railties (4.0.0) lib/rails/rack/logger.rb:38:in `call_app'
  railties (4.0.0) lib/rails/rack/logger.rb:21:in `block in call'
  activesupport (4.0.0) lib/active_support/tagged_logging.rb:67:in `block in tagged'
  activesupport (4.0.0) lib/active_support/tagged_logging.rb:25:in `tagged'
  activesupport (4.0.0) lib/active_support/tagged_logging.rb:67:in `tagged'
  railties (4.0.0) lib/rails/rack/logger.rb:21:in `call'
  actionpack (4.0.0) lib/action_dispatch/middleware/request_id.rb:21:in `call'
  rack (1.5.2) lib/rack/methodoverride.rb:21:in `call'
  rack (1.5.2) lib/rack/runtime.rb:17:in `call'
  activesupport (4.0.0) lib/active_support/cache/strategy/local_cache.rb:83:in `call'
  rack (1.5.2) lib/rack/lock.rb:17:in `call'
  actionpack (4.0.0) lib/action_dispatch/middleware/static.rb:64:in `call'
  railties (4.0.0) lib/rails/engine.rb:511:in `call'
  railties (4.0.0) lib/rails/application.rb:97:in `call'
  rack (1.5.2) lib/rack/lock.rb:17:in `call'
  rack (1.5.2) lib/rack/content_length.rb:14:in `call'
  rack (1.5.2) lib/rack/handler/webrick.rb:60:in `service'
  /usr/local/rvm/rubies/ruby-1.9.3-p448/lib/ruby/1.9.1/webrick/httpserver.rb:138:in `service'
  /usr/local/rvm/rubies/ruby-1.9.3-p448/lib/ruby/1.9.1/webrick/httpserver.rb:94:in `run'
  /usr/local/rvm/rubies/ruby-1.9.3-p448/lib/ruby/1.9.1/webrick/server.rb:191:in `block in start_thread'


  Rendered /usr/local/rvm/gems/ruby-1.9.3-p448/gems/actionpack-4.0.0/lib/action_dispatch/middleware/templates/rescues/_source.erb (1.1ms)
  Rendered /usr/local/rvm/gems/ruby-1.9.3-p448/gems/actionpack-4.0.0/lib/action_dispatch/middleware/templates/rescues/_trace.erb (2.1ms)
  Rendered /usr/local/rvm/gems/ruby-1.9.3-p448/gems/actionpack-4.0.0/lib/action_dispatch/middleware/templates/rescues/_request_and_response.erb (2.8ms)
  Rendered /usr/local/rvm/gems/ruby-1.9.3-p448/gems/actionpack-4.0.0/lib/action_dispatch/middleware/templates/rescues/diagnostics.erb within rescues/layout (27.9ms)


Started GET "/supermall" for 114.242.126.26 at 2013-08-20 11:02:09 +0800
Processing by WeixinValidateController#supermall as HTML
  Rendered weixin_validate/supermall.html.erb within layouts/application (0.6ms)
Completed 200 OK in 84ms (Views: 82.2ms | ActiveRecord: 0.0ms)


Started GET "/assets/weixin_validate.css?body=1" for 114.242.126.26 at 2013-08-20 11:02:10 +0800


Started GET "/assets/weixin_validate.js?body=1" for 114.242.126.26 at 2013-08-20 11:02:10 +0800


Started GET "/supermall" for 114.242.126.26 at 2013-08-20 11:02:11 +0800
Processing by WeixinValidateController#supermall as HTML
  Rendered weixin_validate/supermall.html.erb within layouts/application (0.1ms)
Completed 200 OK in 7ms (Views: 5.9ms | ActiveRecord: 0.0ms)


Started GET "/assets/application.css?body=1" for 114.242.126.26 at 2013-08-20 11:02:11 +0800


Started GET "/assets/weixin_validate.js?body=1" for 114.242.126.26 at 2013-08-20 11:02:11 +0800


Started GET "/assets/turbolinks.js?body=1" for 114.242.126.26 at 2013-08-20 11:02:11 +0800


Started GET "/assets/jquery_ujs.js?body=1" for 114.242.126.26 at 2013-08-20 11:02:11 +0800


Started GET "/assets/jquery.js?body=1" for 114.242.126.26 at 2013-08-20 11:02:11 +0800


Started GET "/assets/weixin_validate.css?body=1" for 114.242.126.26 at 2013-08-20 11:02:11 +0800


Started GET "/assets/application.js?body=1" for 114.242.126.26 at 2013-08-20 11:02:11 +0800


Started GET "/supermall" for 114.242.126.26 at 2013-08-20 11:02:11 +0800
Processing by WeixinValidateController#supermall as HTML
  Rendered weixin_validate/supermall.html.erb within layouts/application (0.1ms)
Completed 200 OK in 7ms (Views: 6.4ms | ActiveRecord: 0.0ms)


Started GET "/assets/application.css?body=1" for 114.242.126.26 at 2013-08-20 11:02:11 +0800


Started GET "/assets/weixin_validate.css?body=1" for 114.242.126.26 at 2013-08-20 11:02:11 +0800


Started GET "/assets/jquery_ujs.js?body=1" for 114.242.126.26 at 2013-08-20 11:02:11 +0800
[2013-08-20 11:02:11] WARN  Could not determine content-length of response body. Set content-length of the response or set Response#chunked = true
[2013-08-20 11:02:11] WARN  Could not determine content-length of response body. Set content-length of the response or set Response#chunked = true
[2013-08-20 11:02:11] WARN  Could not determine content-length of response body. Set content-length of the response or set Response#chunked = true
[2013-08-20 11:02:11] WARN  Could not determine content-length of response body. Set content-length of the response or set Response#chunked = true
[2013-08-20 11:02:11] WARN  Could not determine content-length of response body. Set content-length of the response or set Response#chunked = true
[2013-08-20 11:03:28] WARN  Could not determine content-length of response body. Set content-length of the response or set Response#chunked = true
[2013-08-20 11:03:28] WARN  Could not determine content-length of response body. Set content-length of the response or set Response#chunked = true
[2013-08-20 11:03:28] WARN  Could not determine content-length of response body. Set content-length of the response or set Response#chunked = true
[2013-08-20 11:03:28] WARN  Could not determine content-length of response body. Set content-length of the response or set Response#chunked = true
[2013-08-20 11:03:28] WARN  Could not determine content-length of response body. Set content-length of the response or set Response#chunked = true
[2013-08-20 11:03:28] WARN  Could not determine content-length of response body. Set content-length of the response or set Response#chunked = true
[2013-08-20 11:03:28] WARN  Could not determine content-length of response body. Set content-length of the response or set Response#chunked = true
[2013-08-20 11:03:30] WARN  Could not determine content-length of response body. Set content-length of the response or set Response#chunked = true
[2013-08-20 11:03:30] WARN  Could not determine content-length of response body. Set content-length of the response or set Response#chunked = true
[2013-08-20 11:03:30] WARN  Could not determine content-length of response body. Set content-length of the response or set Response#chunked = true
[2013-08-20 11:03:30] WARN  Could not determine content-length of response body. Set content-length of the response or set Response#chunked = true
[2013-08-20 11:03:30] WARN  Could not determine content-length of response body. Set content-length of the response or set Response#chunked = true
[2013-08-20 11:03:30] WARN  Could not determine content-length of response body. Set content-length of the response or set Response#chunked = true
[2013-08-20 11:03:30] WARN  Could not determine content-length of response body. Set content-length of the response or set Response#chunked = true
[2013-08-20 11:03:30] WARN  Could not determine content-length of response body. Set content-length of the response or set Response#chunked = true
[2013-08-20 11:03:31] WARN  Could not determine content-length of response body. Set content-length of the response or set Response#chunked = true
[2013-08-20 11:03:31] WARN  Could not determine content-length of response body. Set content-length of the response or set Response#chunked = true
[2013-08-20 11:03:31] WARN  Could not determine content-length of response body. Set content-length of the response or set Response#chunked = true
[2013-08-20 11:03:31] WARN  Could not determine content-length of response body. Set content-length of the response or set Response#chunked = true
[2013-08-20 11:03:31] WARN  Could not determine content-length of response body. Set content-length of the response or set Response#chunked = true


Started GET "/assets/weixin_validate.js?body=1" for 114.242.126.26 at 2013-08-20 11:02:11 +0800


Started GET "/assets/turbolinks.js?body=1" for 114.242.126.26 at 2013-08-20 11:02:11 +0800


Started GET "/assets/jquery.js?body=1" for 114.242.126.26 at 2013-08-20 11:02:11 +0800


Started GET "/assets/application.js?body=1" for 114.242.126.26 at 2013-08-20 11:02:11 +0800


Started GET "/supermall" for 114.242.126.26 at 2013-08-20 11:03:28 +0800
Processing by WeixinValidateController#supermall as HTML
  Rendered weixin_validate/supermall.html.erb within layouts/application (0.7ms)
Completed 200 OK in 42ms (Views: 41.3ms | ActiveRecord: 0.0ms)


Started GET "/assets/application.css?body=1" for 114.242.126.26 at 2013-08-20 11:03:28 +0800


Started GET "/assets/weixin_validate.js?body=1" for 114.242.126.26 at 2013-08-20 11:03:28 +0800


Started GET "/assets/turbolinks.js?body=1" for 114.242.126.26 at 2013-08-20 11:03:28 +0800


Started GET "/assets/jquery_ujs.js?body=1" for 114.242.126.26 at 2013-08-20 11:03:28 +0800


Started GET "/assets/jquery.js?body=1" for 114.242.126.26 at 2013-08-20 11:03:28 +0800


Started GET "/assets/weixin_validate.css?body=1" for 114.242.126.26 at 2013-08-20 11:03:28 +0800


Started GET "/assets/application.js?body=1" for 114.242.126.26 at 2013-08-20 11:03:28 +0800


Started GET "/supermall" for 114.242.126.26 at 2013-08-20 11:03:29 +0800
Processing by WeixinValidateController#supermall as HTML
  Rendered weixin_validate/supermall.html.erb within layouts/application (0.1ms)
Completed 200 OK in 7ms (Views: 5.5ms | ActiveRecord: 0.0ms)


Started GET "/assets/application.css?body=1" for 114.242.126.26 at 2013-08-20 11:03:30 +0800


Started GET "/assets/weixin_validate.js?body=1" for 114.242.126.26 at 2013-08-20 11:03:30 +0800


Started GET "/assets/turbolinks.js?body=1" for 114.242.126.26 at 2013-08-20 11:03:30 +0800


Started GET "/assets/jquery.js?body=1" for 114.242.126.26 at 2013-08-20 11:03:30 +0800


Started GET "/assets/weixin_validate.css?body=1" for 114.242.126.26 at 2013-08-20 11:03:30 +0800


Started GET "/assets/jquery_ujs.js?body=1" for 114.242.126.26 at 2013-08-20 11:03:30 +0800


Started GET "/supermall" for 114.242.126.26 at 2013-08-20 11:03:30 +0800
Processing by WeixinValidateController#supermall as HTML
  Rendered weixin_validate/supermall.html.erb within layouts/application (0.1ms)
Completed 200 OK in 9ms (Views: 7.8ms | ActiveRecord: 0.0ms)


Started GET "/assets/application.css?body=1" for 114.242.126.26 at 2013-08-20 11:03:30 +0800


Started GET "/assets/application.js?body=1" for 114.242.126.26 at 2013-08-20 11:03:30 +0800


Started GET "/assets/jquery_ujs.js?body=1" for 114.242.126.26 at 2013-08-20 11:03:31 +0800


Started GET "/assets/weixin_validate.css?body=1" for 114.242.126.26 at 2013-08-20 11:03:31 +0800


Started GET "/assets/weixin_validate.js?body=1" for 114.242.126.26 at 2013-08-20 11:03:31 +0800


Started GET "/assets/jquery.js?body=1" for 114.242.126.26 at 2013-08-20 11:03:31 +0800


Started GET "/assets/turbolinks.js?body=1" for 114.242.126.26 at 2013-08-20 11:03:31 +0800


Started GET "/supermall?signature=5029e280984b52196c97294d76a5ad8d18f94476&echostr=5916404141236870343&timestamp=1376967875&nonce=1377520579" for 101.226.61.226 at 2013-08-20 11:04:35 +0800
Processing by WeixinValidateController#supermall as */*
  Parameters: {"signature"=>"5029e280984b52196c97294d76a5ad8d18f94476", "echostr"=>"5916404141236870343", "timestamp"=>"1376967875", "nonce"=>"1377520579"}
**********
认证成功
**********
  Rendered text template (0.0ms)
Completed 200 OK in 1ms (Views: 0.7ms | ActiveRecord: 0.0ms)


Started GET "/user/soapCaller.bs" for 66.193.171.202 at 2013-08-20 13:41:50 +0800

ActionController::RoutingError (No route matches [GET] "/user/soapCaller.bs"):
  actionpack (4.0.0) lib/action_dispatch/middleware/debug_exceptions.rb:21:in `call'
  actionpack (4.0.0) lib/action_dispatch/middleware/show_exceptions.rb:30:in `call'
  railties (4.0.0) lib/rails/rack/logger.rb:38:in `call_app'
  railties (4.0.0) lib/rails/rack/logger.rb:21:in `block in call'
  activesupport (4.0.0) lib/active_support/tagged_logging.rb:67:in `block in tagged'
  activesupport (4.0.0) lib/active_support/tagged_logging.rb:25:in `tagged'
  activesupport (4.0.0) lib/active_support/tagged_logging.rb:67:in `tagged'
  railties (4.0.0) lib/rails/rack/logger.rb:21:in `call'
  actionpack (4.0.0) lib/action_dispatch/middleware/request_id.rb:21:in `call'
  rack (1.5.2) lib/rack/methodoverride.rb:21:in `call'
  rack (1.5.2) lib/rack/runtime.rb:17:in `call'
  activesupport (4.0.0) lib/active_support/cache/strategy/local_cache.rb:83:in `call'
  rack (1.5.2) lib/rack/lock.rb:17:in `call'
  actionpack (4.0.0) lib/action_dispatch/middleware/static.rb:64:in `call'
  railties (4.0.0) lib/rails/engine.rb:511:in `call'
  railties (4.0.0) lib/rails/application.rb:97:in `call'
  rack (1.5.2) lib/rack/lock.rb:17:in `call'
  rack (1.5.2) lib/rack/content_length.rb:14:in `call'
  rack (1.5.2) lib/rack/handler/webrick.rb:60:in `service'
  /usr/local/rvm/rubies/ruby-1.9.3-p448/lib/ruby/1.9.1/webrick/httpserver.rb:138:in `service'
  /usr/local/rvm/rubies/ruby-1.9.3-p448/lib/ruby/1.9.1/webrick/httpserver.rb:94:in `run'
  /usr/local/rvm/rubies/ruby-1.9.3-p448/lib/ruby/1.9.1/webrick/server.rb:191:in `block in start_thread'


  Rendered /usr/local/rvm/gems/ruby-1.9.3-p448/gems/actionpack-4.0.0/lib/action_dispatch/middleware/templates/rescues/_trace.erb (2.1ms)
  Rendered /usr/local/rvm/gems/ruby-1.9.3-p448/gems/actionpack-4.0.0/lib/action_dispatch/middleware/templates/routes/_route.html.erb (2.2ms)
  Rendered /usr/local/rvm/gems/ruby-1.9.3-p448/gems/actionpack-4.0.0/lib/action_dispatch/middleware/templates/routes/_table.html.erb (18.2ms)
  Rendered /usr/local/rvm/gems/ruby-1.9.3-p448/gems/actionpack-4.0.0/lib/action_dispatch/middleware/templates/rescues/routing_error.erb within rescues/layout (48.1ms)


Started GET "/" for 210.211.127.98 at 2013-08-20 13:57:31 +0800
Processing by Rails::WelcomeController#index as */*
  Rendered /usr/local/rvm/gems/ruby-1.9.3-p448/gems/railties-4.0.0/lib/rails/templates/rails/welcome/index.html.erb (2.0ms)
Completed 200 OK in 14ms (Views: 12.2ms | ActiveRecord: 0.0ms)


Started GET "/" for 61.160.200.17 at 2013-08-20 14:35:17 +0800
Processing by Rails::WelcomeController#index as */*
  Rendered /usr/local/rvm/gems/ruby-1.9.3-p448/gems/railties-4.0.0/lib/rails/templates/rails/welcome/index.html.erb (0.1ms)
Completed 200 OK in 8ms (Views: 7.5ms | ActiveRecord: 0.0ms)


Started GET "/" for 173.231.22.219 at 2013-08-20 18:50:24 +0800
Processing by Rails::WelcomeController#index as */*
  Rendered /usr/local/rvm/gems/ruby-1.9.3-p448/gems/railties-4.0.0/lib/rails/templates/rails/welcome/index.html.erb (0.1ms)
Completed 200 OK in 8ms (Views: 7.0ms | ActiveRecord: 0.0ms)


Started GET "/" for 5.134.35.34 at 2013-08-20 20:56:19 +0800
Processing by Rails::WelcomeController#index as */*
  Rendered /usr/local/rvm/gems/ruby-1.9.3-p448/gems/railties-4.0.0/lib/rails/templates/rails/welcome/index.html.erb (0.1ms)
Completed 200 OK in 7ms (Views: 6.8ms | ActiveRecord: 0.0ms)


Started GET "/manager/html" for 201.14.131.148 at 2013-08-20 21:18:15 +0800

ActionController::RoutingError (No route matches [GET] "/manager/html"):
  actionpack (4.0.0) lib/action_dispatch/middleware/debug_exceptions.rb:21:in `call'
  actionpack (4.0.0) lib/action_dispatch/middleware/show_exceptions.rb:30:in `call'
  railties (4.0.0) lib/rails/rack/logger.rb:38:in `call_app'
  railties (4.0.0) lib/rails/rack/logger.rb:21:in `block in call'
  activesupport (4.0.0) lib/active_support/tagged_logging.rb:67:in `block in tagged'
  activesupport (4.0.0) lib/active_support/tagged_logging.rb:25:in `tagged'
  activesupport (4.0.0) lib/active_support/tagged_logging.rb:67:in `tagged'
  railties (4.0.0) lib/rails/rack/logger.rb:21:in `call'
  actionpack (4.0.0) lib/action_dispatch/middleware/request_id.rb:21:in `call'
  rack (1.5.2) lib/rack/methodoverride.rb:21:in `call'
  rack (1.5.2) lib/rack/runtime.rb:17:in `call'
  activesupport (4.0.0) lib/active_support/cache/strategy/local_cache.rb:83:in `call'
  rack (1.5.2) lib/rack/lock.rb:17:in `call'
  actionpack (4.0.0) lib/action_dispatch/middleware/static.rb:64:in `call'
  railties (4.0.0) lib/rails/engine.rb:511:in `call'
  railties (4.0.0) lib/rails/application.rb:97:in `call'
  rack (1.5.2) lib/rack/lock.rb:17:in `call'
  rack (1.5.2) lib/rack/content_length.rb:14:in `call'
  rack (1.5.2) lib/rack/handler/webrick.rb:60:in `service'
  /usr/local/rvm/rubies/ruby-1.9.3-p448/lib/ruby/1.9.1/webrick/httpserver.rb:138:in `service'
  /usr/local/rvm/rubies/ruby-1.9.3-p448/lib/ruby/1.9.1/webrick/httpserver.rb:94:in `run'
  /usr/local/rvm/rubies/ruby-1.9.3-p448/lib/ruby/1.9.1/webrick/server.rb:191:in `block in start_thread'


[2013-08-20 21:18:20] ERROR Errno::ECONNRESET: Connection reset by peer
	/usr/local/rvm/rubies/ruby-1.9.3-p448/lib/ruby/1.9.1/webrick/httpserver.rb:80:in `eof?'
	/usr/local/rvm/rubies/ruby-1.9.3-p448/lib/ruby/1.9.1/webrick/httpserver.rb:80:in `run'
	/usr/local/rvm/rubies/ruby-1.9.3-p448/lib/ruby/1.9.1/webrick/server.rb:191:in `block in start_thread'
  Rendered /usr/local/rvm/gems/ruby-1.9.3-p448/gems/actionpack-4.0.0/lib/action_dispatch/middleware/templates/rescues/_trace.erb (2.2ms)
  Rendered /usr/local/rvm/gems/ruby-1.9.3-p448/gems/actionpack-4.0.0/lib/action_dispatch/middleware/templates/routes/_route.html.erb (1.5ms)
  Rendered /usr/local/rvm/gems/ruby-1.9.3-p448/gems/actionpack-4.0.0/lib/action_dispatch/middleware/templates/routes/_table.html.erb (2.2ms)
  Rendered /usr/local/rvm/gems/ruby-1.9.3-p448/gems/actionpack-4.0.0/lib/action_dispatch/middleware/templates/rescues/routing_error.erb within rescues/layout (26.4ms)


Started GET "/" for 109.156.70.20 at 2013-08-20 22:55:30 +0800
Processing by Rails::WelcomeController#index as HTML
  Rendered /usr/local/rvm/gems/ruby-1.9.3-p448/gems/railties-4.0.0/lib/rails/templates/rails/welcome/index.html.erb (0.1ms)
Completed 200 OK in 5ms (Views: 3.6ms | ActiveRecord: 0.0ms)


Started GET "/" for 58.247.132.30 at 2013-08-20 23:24:12 +0800
Processing by Rails::WelcomeController#index as */*
  Rendered /usr/local/rvm/gems/ruby-1.9.3-p448/gems/railties-4.0.0/lib/rails/templates/rails/welcome/index.html.erb (0.1ms)
Completed 200 OK in 6ms (Views: 5.7ms | ActiveRecord: 0.0ms)


Started GET "/" for 222.247.38.220 at 2013-08-21 08:52:49 +0800
Processing by Rails::WelcomeController#index as */*
  Rendered /usr/local/rvm/gems/ruby-1.9.3-p448/gems/railties-4.0.0/lib/rails/templates/rails/welcome/index.html.erb (0.1ms)
Completed 200 OK in 9ms (Views: 8.6ms | ActiveRecord: 0.0ms)


Started GET "/phppath/php" for 222.76.242.151 at 2013-08-21 16:44:54 +0800

ActionController::RoutingError (No route matches [GET] "/phppath/php"):
  actionpack (4.0.0) lib/action_dispatch/middleware/debug_exceptions.rb:21:in `call'
  actionpack (4.0.0) lib/action_dispatch/middleware/show_exceptions.rb:30:in `call'
  railties (4.0.0) lib/rails/rack/logger.rb:38:in `call_app'
  railties (4.0.0) lib/rails/rack/logger.rb:21:in `block in call'
  activesupport (4.0.0) lib/active_support/tagged_logging.rb:67:in `block in tagged'
  activesupport (4.0.0) lib/active_support/tagged_logging.rb:25:in `tagged'
  activesupport (4.0.0) lib/active_support/tagged_logging.rb:67:in `tagged'
  railties (4.0.0) lib/rails/rack/logger.rb:21:in `call'
  actionpack (4.0.0) lib/action_dispatch/middleware/request_id.rb:21:in `call'
  rack (1.5.2) lib/rack/methodoverride.rb:21:in `call'
  rack (1.5.2) lib/rack/runtime.rb:17:in `call'
  activesupport (4.0.0) lib/active_support/cache/strategy/local_cache.rb:83:in `call'
  rack (1.5.2) lib/rack/lock.rb:17:in `call'
  actionpack (4.0.0) lib/action_dispatch/middleware/static.rb:64:in `call'
  railties (4.0.0) lib/rails/engine.rb:511:in `call'
  railties (4.0.0) lib/rails/application.rb:97:in `call'
  rack (1.5.2) lib/rack/lock.rb:17:in `call'
  rack (1.5.2) lib/rack/content_length.rb:14:in `call'
  rack (1.5.2) lib/rack/handler/webrick.rb:60:in `service'
  /usr/local/rvm/rubies/ruby-1.9.3-p448/lib/ruby/1.9.1/webrick/httpserver.rb:138:in `service'
  /usr/local/rvm/rubies/ruby-1.9.3-p448/lib/ruby/1.9.1/webrick/httpserver.rb:94:in `run'
  /usr/local/rvm/rubies/ruby-1.9.3-p448/lib/ruby/1.9.1/webrick/server.rb:191:in `block in start_thread'


  Rendered /usr/local/rvm/gems/ruby-1.9.3-p448/gems/actionpack-4.0.0/lib/action_dispatch/middleware/templates/rescues/_trace.erb (1.3ms)
  Rendered /usr/local/rvm/gems/ruby-1.9.3-p448/gems/actionpack-4.0.0/lib/action_dispatch/middleware/templates/routes/_route.html.erb (0.9ms)
  Rendered /usr/local/rvm/gems/ruby-1.9.3-p448/gems/actionpack-4.0.0/lib/action_dispatch/middleware/templates/routes/_table.html.erb (1.4ms)
  Rendered /usr/local/rvm/gems/ruby-1.9.3-p448/gems/actionpack-4.0.0/lib/action_dispatch/middleware/templates/rescues/routing_error.erb within rescues/layout (17.2ms)


Started POST "/supermall?signature=633c925f499dabdfeeac8e3e38c345b011e27015&timestamp=1377100378&nonce=1377137787" for 101.226.61.199 at 2013-08-21 23:52:58 +0800

ActionController::RoutingError (No route matches [POST] "/supermall"):
  actionpack (4.0.0) lib/action_dispatch/middleware/debug_exceptions.rb:21:in `call'
  actionpack (4.0.0) lib/action_dispatch/middleware/show_exceptions.rb:30:in `call'
  railties (4.0.0) lib/rails/rack/logger.rb:38:in `call_app'
  railties (4.0.0) lib/rails/rack/logger.rb:21:in `block in call'
  activesupport (4.0.0) lib/active_support/tagged_logging.rb:67:in `block in tagged'
  activesupport (4.0.0) lib/active_support/tagged_logging.rb:25:in `tagged'
  activesupport (4.0.0) lib/active_support/tagged_logging.rb:67:in `tagged'
  railties (4.0.0) lib/rails/rack/logger.rb:21:in `call'
  actionpack (4.0.0) lib/action_dispatch/middleware/request_id.rb:21:in `call'
  rack (1.5.2) lib/rack/methodoverride.rb:21:in `call'
  rack (1.5.2) lib/rack/runtime.rb:17:in `call'
  activesupport (4.0.0) lib/active_support/cache/strategy/local_cache.rb:83:in `call'
  rack (1.5.2) lib/rack/lock.rb:17:in `call'
  actionpack (4.0.0) lib/action_dispatch/middleware/static.rb:64:in `call'
  railties (4.0.0) lib/rails/engine.rb:511:in `call'
  railties (4.0.0) lib/rails/application.rb:97:in `call'
  rack (1.5.2) lib/rack/lock.rb:17:in `call'
  rack (1.5.2) lib/rack/content_length.rb:14:in `call'
  rack (1.5.2) lib/rack/handler/webrick.rb:60:in `service'
  /usr/local/rvm/rubies/ruby-1.9.3-p448/lib/ruby/1.9.1/webrick/httpserver.rb:138:in `service'
  /usr/local/rvm/rubies/ruby-1.9.3-p448/lib/ruby/1.9.1/webrick/httpserver.rb:94:in `run'
  /usr/local/rvm/rubies/ruby-1.9.3-p448/lib/ruby/1.9.1/webrick/server.rb:191:in `block in start_thread'


  Rendered /usr/local/rvm/gems/ruby-1.9.3-p448/gems/actionpack-4.0.0/lib/action_dispatch/middleware/templates/rescues/_trace.erb (2.3ms)
  Rendered /usr/local/rvm/gems/ruby-1.9.3-p448/gems/actionpack-4.0.0/lib/action_dispatch/middleware/templates/routes/_route.html.erb (1.6ms)
  Rendered /usr/local/rvm/gems/ruby-1.9.3-p448/gems/actionpack-4.0.0/lib/action_dispatch/middleware/templates/routes/_table.html.erb (1.5ms)
  Rendered /usr/local/rvm/gems/ruby-1.9.3-p448/gems/actionpack-4.0.0/lib/action_dispatch/middleware/templates/rescues/routing_error.erb within rescues/layout (57.7ms)


Started HEAD "/" for 222.58.3.22 at 2013-08-22 01:40:45 +0800
Processing by Rails::WelcomeController#index as HTML
  Rendered /usr/local/rvm/gems/ruby-1.9.3-p448/gems/railties-4.0.0/lib/rails/templates/rails/welcome/index.html.erb (0.1ms)
Completed 200 OK in 4ms (Views: 3.1ms | ActiveRecord: 0.0ms)


Started GET "/" for 176.119.0.2 at 2013-08-22 04:49:59 +0800
Processing by Rails::WelcomeController#index as HTML
  Rendered /usr/local/rvm/gems/ruby-1.9.3-p448/gems/railties-4.0.0/lib/rails/templates/rails/welcome/index.html.erb (0.2ms)
Completed 200 OK in 5ms (Views: 3.7ms | ActiveRecord: 0.0ms)


Started HEAD "/" for 190.114.244.125 at 2013-08-23 05:59:51 +0800
Processing by Rails::WelcomeController#index as HTML
  Rendered /usr/local/rvm/gems/ruby-1.9.3-p448/gems/railties-4.0.0/lib/rails/templates/rails/welcome/index.html.erb (0.1ms)
Completed 200 OK in 4ms (Views: 3.0ms | ActiveRecord: 0.0ms)


Started GET "/" for 198.20.69.98 at 2013-08-23 07:43:30 +0800
Processing by Rails::WelcomeController#index as HTML
  Rendered /usr/local/rvm/gems/ruby-1.9.3-p448/gems/railties-4.0.0/lib/rails/templates/rails/welcome/index.html.erb (0.1ms)
Completed 200 OK in 3ms (Views: 2.6ms | ActiveRecord: 0.0ms)


Started HEAD "/" for 178.254.148.56 at 2013-08-24 01:20:43 +0800
Processing by Rails::WelcomeController#index as HTML
  Rendered /usr/local/rvm/gems/ruby-1.9.3-p448/gems/railties-4.0.0/lib/rails/templates/rails/welcome/index.html.erb (0.2ms)
Completed 200 OK in 4ms (Views: 3.2ms | ActiveRecord: 0.0ms)


Started HEAD "/" for 178.254.148.56 at 2013-08-24 08:16:08 +0800
Processing by Rails::WelcomeController#index as HTML
  Rendered /usr/local/rvm/gems/ruby-1.9.3-p448/gems/railties-4.0.0/lib/rails/templates/rails/welcome/index.html.erb (0.1ms)
Completed 200 OK in 3ms (Views: 2.2ms | ActiveRecord: 0.0ms)


Started POST "/supermall?signature=0f742e3592c3b100d59cea1b4c3589d9326c6fef&timestamp=1377308176&nonce=1377145626" for 101.226.61.199 at 2013-08-24 09:36:16 +0800

ActionController::RoutingError (No route matches [POST] "/supermall"):
  actionpack (4.0.0) lib/action_dispatch/middleware/debug_exceptions.rb:21:in `call'
  actionpack (4.0.0) lib/action_dispatch/middleware/show_exceptions.rb:30:in `call'
  railties (4.0.0) lib/rails/rack/logger.rb:38:in `call_app'
  railties (4.0.0) lib/rails/rack/logger.rb:21:in `block in call'
  activesupport (4.0.0) lib/active_support/tagged_logging.rb:67:in `block in tagged'
  activesupport (4.0.0) lib/active_support/tagged_logging.rb:25:in `tagged'
  activesupport (4.0.0) lib/active_support/tagged_logging.rb:67:in `tagged'
  railties (4.0.0) lib/rails/rack/logger.rb:21:in `call'
  actionpack (4.0.0) lib/action_dispatch/middleware/request_id.rb:21:in `call'
  rack (1.5.2) lib/rack/methodoverride.rb:21:in `call'
  rack (1.5.2) lib/rack/runtime.rb:17:in `call'
  activesupport (4.0.0) lib/active_support/cache/strategy/local_cache.rb:83:in `call'
  rack (1.5.2) lib/rack/lock.rb:17:in `call'
  actionpack (4.0.0) lib/action_dispatch/middleware/static.rb:64:in `call'
  railties (4.0.0) lib/rails/engine.rb:511:in `call'
  railties (4.0.0) lib/rails/application.rb:97:in `call'
  rack (1.5.2) lib/rack/lock.rb:17:in `call'
  rack (1.5.2) lib/rack/content_length.rb:14:in `call'
  rack (1.5.2) lib/rack/handler/webrick.rb:60:in `service'
  /usr/local/rvm/rubies/ruby-1.9.3-p448/lib/ruby/1.9.1/webrick/httpserver.rb:138:in `service'
  /usr/local/rvm/rubies/ruby-1.9.3-p448/lib/ruby/1.9.1/webrick/httpserver.rb:94:in `run'
  /usr/local/rvm/rubies/ruby-1.9.3-p448/lib/ruby/1.9.1/webrick/server.rb:191:in `block in start_thread'


[2013-08-26 03:20:02] ERROR TypeError: can't dup NilClass
	/usr/local/rvm/rubies/ruby-1.9.3-p448/lib/ruby/1.9.1/webrick/httprequest.rb:273:in `dup'
	/usr/local/rvm/rubies/ruby-1.9.3-p448/lib/ruby/1.9.1/webrick/httprequest.rb:273:in `meta_vars'
	/usr/local/rvm/gems/ruby-1.9.3-p448/gems/rack-1.5.2/lib/rack/handler/webrick.rb:35:in `service'
	/usr/local/rvm/rubies/ruby-1.9.3-p448/lib/ruby/1.9.1/webrick/httpserver.rb:138:in `service'
	/usr/local/rvm/rubies/ruby-1.9.3-p448/lib/ruby/1.9.1/webrick/httpserver.rb:94:in `run'
	/usr/local/rvm/rubies/ruby-1.9.3-p448/lib/ruby/1.9.1/webrick/server.rb:191:in `block in start_thread'
  Rendered /usr/local/rvm/gems/ruby-1.9.3-p448/gems/actionpack-4.0.0/lib/action_dispatch/middleware/templates/rescues/_trace.erb (2.4ms)
  Rendered /usr/local/rvm/gems/ruby-1.9.3-p448/gems/actionpack-4.0.0/lib/action_dispatch/middleware/templates/routes/_route.html.erb (2.2ms)
  Rendered /usr/local/rvm/gems/ruby-1.9.3-p448/gems/actionpack-4.0.0/lib/action_dispatch/middleware/templates/routes/_table.html.erb (2.2ms)
  Rendered /usr/local/rvm/gems/ruby-1.9.3-p448/gems/actionpack-4.0.0/lib/action_dispatch/middleware/templates/rescues/routing_error.erb within rescues/layout (31.2ms)


Started GET "/phppath/php" for 222.76.242.151 at 2013-08-24 23:20:36 +0800

ActionController::RoutingError (No route matches [GET] "/phppath/php"):
  actionpack (4.0.0) lib/action_dispatch/middleware/debug_exceptions.rb:21:in `call'
  actionpack (4.0.0) lib/action_dispatch/middleware/show_exceptions.rb:30:in `call'
  railties (4.0.0) lib/rails/rack/logger.rb:38:in `call_app'
  railties (4.0.0) lib/rails/rack/logger.rb:21:in `block in call'
  activesupport (4.0.0) lib/active_support/tagged_logging.rb:67:in `block in tagged'
  activesupport (4.0.0) lib/active_support/tagged_logging.rb:25:in `tagged'
  activesupport (4.0.0) lib/active_support/tagged_logging.rb:67:in `tagged'
  railties (4.0.0) lib/rails/rack/logger.rb:21:in `call'
  actionpack (4.0.0) lib/action_dispatch/middleware/request_id.rb:21:in `call'
  rack (1.5.2) lib/rack/methodoverride.rb:21:in `call'
  rack (1.5.2) lib/rack/runtime.rb:17:in `call'
  activesupport (4.0.0) lib/active_support/cache/strategy/local_cache.rb:83:in `call'
  rack (1.5.2) lib/rack/lock.rb:17:in `call'
  actionpack (4.0.0) lib/action_dispatch/middleware/static.rb:64:in `call'
  railties (4.0.0) lib/rails/engine.rb:511:in `call'
  railties (4.0.0) lib/rails/application.rb:97:in `call'
  rack (1.5.2) lib/rack/lock.rb:17:in `call'
  rack (1.5.2) lib/rack/content_length.rb:14:in `call'
  rack (1.5.2) lib/rack/handler/webrick.rb:60:in `service'
  /usr/local/rvm/rubies/ruby-1.9.3-p448/lib/ruby/1.9.1/webrick/httpserver.rb:138:in `service'
  /usr/local/rvm/rubies/ruby-1.9.3-p448/lib/ruby/1.9.1/webrick/httpserver.rb:94:in `run'
  /usr/local/rvm/rubies/ruby-1.9.3-p448/lib/ruby/1.9.1/webrick/server.rb:191:in `block in start_thread'


  Rendered /usr/local/rvm/gems/ruby-1.9.3-p448/gems/actionpack-4.0.0/lib/action_dispatch/middleware/templates/rescues/_trace.erb (2.8ms)
  Rendered /usr/local/rvm/gems/ruby-1.9.3-p448/gems/actionpack-4.0.0/lib/action_dispatch/middleware/templates/routes/_route.html.erb (1.5ms)
  Rendered /usr/local/rvm/gems/ruby-1.9.3-p448/gems/actionpack-4.0.0/lib/action_dispatch/middleware/templates/routes/_table.html.erb (2.3ms)
  Rendered /usr/local/rvm/gems/ruby-1.9.3-p448/gems/actionpack-4.0.0/lib/action_dispatch/middleware/templates/rescues/routing_error.erb within rescues/layout (29.8ms)


Started HEAD "/" for 23.20.107.157 at 2013-08-25 04:23:38 +0800
Processing by Rails::WelcomeController#index as HTML
  Rendered /usr/local/rvm/gems/ruby-1.9.3-p448/gems/railties-4.0.0/lib/rails/templates/rails/welcome/index.html.erb (0.2ms)
Completed 200 OK in 5ms (Views: 3.8ms | ActiveRecord: 0.0ms)


Started HEAD "/" for 106.120.69.1 at 2013-08-25 13:08:19 +0800
Processing by Rails::WelcomeController#index as HTML
  Rendered /usr/local/rvm/gems/ruby-1.9.3-p448/gems/railties-4.0.0/lib/rails/templates/rails/welcome/index.html.erb (0.1ms)
Completed 200 OK in 4ms (Views: 3.0ms | ActiveRecord: 0.0ms)


Started HEAD "/" for 125.64.94.220 at 2013-08-25 13:56:30 +0800
Processing by Rails::WelcomeController#index as HTML
  Rendered /usr/local/rvm/gems/ruby-1.9.3-p448/gems/railties-4.0.0/lib/rails/templates/rails/welcome/index.html.erb (0.1ms)
Completed 200 OK in 3ms (Views: 2.4ms | ActiveRecord: 0.0ms)


Started HEAD "/" for 27.17.40.132 at 2013-08-25 16:41:45 +0800
Processing by Rails::WelcomeController#index as HTML
  Rendered /usr/local/rvm/gems/ruby-1.9.3-p448/gems/railties-4.0.0/lib/rails/templates/rails/welcome/index.html.erb (0.1ms)
Completed 200 OK in 3ms (Views: 2.4ms | ActiveRecord: 0.0ms)


Started POST "/supermall?signature=76e9e600a7c1623ac7da1866a6750b96b3f8932d&timestamp=1377480707&nonce=1377409060" for 101.226.61.226 at 2013-08-26 09:31:47 +0800

ActionController::RoutingError (No route matches [POST] "/supermall"):
  actionpack (4.0.0) lib/action_dispatch/middleware/debug_exceptions.rb:21:in `call'
  actionpack (4.0.0) lib/action_dispatch/middleware/show_exceptions.rb:30:in `call'
  railties (4.0.0) lib/rails/rack/logger.rb:38:in `call_app'
  railties (4.0.0) lib/rails/rack/logger.rb:21:in `block in call'
  activesupport (4.0.0) lib/active_support/tagged_logging.rb:67:in `block in tagged'
  activesupport (4.0.0) lib/active_support/tagged_logging.rb:25:in `tagged'
  activesupport (4.0.0) lib/active_support/tagged_logging.rb:67:in `tagged'
  railties (4.0.0) lib/rails/rack/logger.rb:21:in `call'
  actionpack (4.0.0) lib/action_dispatch/middleware/request_id.rb:21:in `call'
  rack (1.5.2) lib/rack/methodoverride.rb:21:in `call'
  rack (1.5.2) lib/rack/runtime.rb:17:in `call'
  activesupport (4.0.0) lib/active_support/cache/strategy/local_cache.rb:83:in `call'
  rack (1.5.2) lib/rack/lock.rb:17:in `call'
  actionpack (4.0.0) lib/action_dispatch/middleware/static.rb:64:in `call'
  railties (4.0.0) lib/rails/engine.rb:511:in `call'
  railties (4.0.0) lib/rails/application.rb:97:in `call'
  rack (1.5.2) lib/rack/lock.rb:17:in `call'
  rack (1.5.2) lib/rack/content_length.rb:14:in `call'
  rack (1.5.2) lib/rack/handler/webrick.rb:60:in `service'
  /usr/local/rvm/rubies/ruby-1.9.3-p448/lib/ruby/1.9.1/webrick/httpserver.rb:138:in `service'
  /usr/local/rvm/rubies/ruby-1.9.3-p448/lib/ruby/1.9.1/webrick/httpserver.rb:94:in `run'
  /usr/local/rvm/rubies/ruby-1.9.3-p448/lib/ruby/1.9.1/webrick/server.rb:191:in `block in start_thread'


  Rendered /usr/local/rvm/gems/ruby-1.9.3-p448/gems/actionpack-4.0.0/lib/action_dispatch/middleware/templates/rescues/_trace.erb (3.4ms)
  Rendered /usr/local/rvm/gems/ruby-1.9.3-p448/gems/actionpack-4.0.0/lib/action_dispatch/middleware/templates/routes/_route.html.erb (1.5ms)
  Rendered /usr/local/rvm/gems/ruby-1.9.3-p448/gems/actionpack-4.0.0/lib/action_dispatch/middleware/templates/routes/_table.html.erb (7.9ms)
  Rendered /usr/local/rvm/gems/ruby-1.9.3-p448/gems/actionpack-4.0.0/lib/action_dispatch/middleware/templates/rescues/routing_error.erb within rescues/layout (36.9ms)


Started POST "/supermall?signature=3f4016bfa68667f9a88d1f3c8335d7c88f157563&timestamp=1377484276&nonce=1376781850" for 101.226.61.199 at 2013-08-26 10:31:16 +0800

ActionController::RoutingError (No route matches [POST] "/supermall"):
  actionpack (4.0.0) lib/action_dispatch/middleware/debug_exceptions.rb:21:in `call'
  actionpack (4.0.0) lib/action_dispatch/middleware/show_exceptions.rb:30:in `call'
  railties (4.0.0) lib/rails/rack/logger.rb:38:in `call_app'
  railties (4.0.0) lib/rails/rack/logger.rb:21:in `block in call'
  activesupport (4.0.0) lib/active_support/tagged_logging.rb:67:in `block in tagged'
  activesupport (4.0.0) lib/active_support/tagged_logging.rb:25:in `tagged'
  activesupport (4.0.0) lib/active_support/tagged_logging.rb:67:in `tagged'
  railties (4.0.0) lib/rails/rack/logger.rb:21:in `call'
  actionpack (4.0.0) lib/action_dispatch/middleware/request_id.rb:21:in `call'
  rack (1.5.2) lib/rack/methodoverride.rb:21:in `call'
  rack (1.5.2) lib/rack/runtime.rb:17:in `call'
  activesupport (4.0.0) lib/active_support/cache/strategy/local_cache.rb:83:in `call'
  rack (1.5.2) lib/rack/lock.rb:17:in `call'
  actionpack (4.0.0) lib/action_dispatch/middleware/static.rb:64:in `call'
  railties (4.0.0) lib/rails/engine.rb:511:in `call'
  railties (4.0.0) lib/rails/application.rb:97:in `call'
  rack (1.5.2) lib/rack/lock.rb:17:in `call'
  rack (1.5.2) lib/rack/content_length.rb:14:in `call'
  rack (1.5.2) lib/rack/handler/webrick.rb:60:in `service'
  /usr/local/rvm/rubies/ruby-1.9.3-p448/lib/ruby/1.9.1/webrick/httpserver.rb:138:in `service'
  /usr/local/rvm/rubies/ruby-1.9.3-p448/lib/ruby/1.9.1/webrick/httpserver.rb:94:in `run'
  /usr/local/rvm/rubies/ruby-1.9.3-p448/lib/ruby/1.9.1/webrick/server.rb:191:in `block in start_thread'


[2013-08-26 17:27:34] ERROR Errno::ECONNRESET: Connection reset by peer
	/usr/local/rvm/rubies/ruby-1.9.3-p448/lib/ruby/1.9.1/webrick/httpserver.rb:80:in `eof?'
	/usr/local/rvm/rubies/ruby-1.9.3-p448/lib/ruby/1.9.1/webrick/httpserver.rb:80:in `run'
	/usr/local/rvm/rubies/ruby-1.9.3-p448/lib/ruby/1.9.1/webrick/server.rb:191:in `block in start_thread'
[2013-08-26 17:27:34] ERROR TypeError: can't dup NilClass
	/usr/local/rvm/rubies/ruby-1.9.3-p448/lib/ruby/1.9.1/webrick/httprequest.rb:273:in `dup'
	/usr/local/rvm/rubies/ruby-1.9.3-p448/lib/ruby/1.9.1/webrick/httprequest.rb:273:in `meta_vars'
	/usr/local/rvm/gems/ruby-1.9.3-p448/gems/rack-1.5.2/lib/rack/handler/webrick.rb:35:in `service'
	/usr/local/rvm/rubies/ruby-1.9.3-p448/lib/ruby/1.9.1/webrick/httpserver.rb:138:in `service'
	/usr/local/rvm/rubies/ruby-1.9.3-p448/lib/ruby/1.9.1/webrick/httpserver.rb:94:in `run'
	/usr/local/rvm/rubies/ruby-1.9.3-p448/lib/ruby/1.9.1/webrick/server.rb:191:in `block in start_thread'
  Rendered /usr/local/rvm/gems/ruby-1.9.3-p448/gems/actionpack-4.0.0/lib/action_dispatch/middleware/templates/rescues/_trace.erb (1.8ms)
  Rendered /usr/local/rvm/gems/ruby-1.9.3-p448/gems/actionpack-4.0.0/lib/action_dispatch/middleware/templates/routes/_route.html.erb (1.3ms)
  Rendered /usr/local/rvm/gems/ruby-1.9.3-p448/gems/actionpack-4.0.0/lib/action_dispatch/middleware/templates/routes/_table.html.erb (2.5ms)
  Rendered /usr/local/rvm/gems/ruby-1.9.3-p448/gems/actionpack-4.0.0/lib/action_dispatch/middleware/templates/rescues/routing_error.erb within rescues/layout (28.5ms)


Started HEAD "/" for 203.91.121.77 at 2013-08-26 11:45:19 +0800
Processing by Rails::WelcomeController#index as HTML
  Rendered /usr/local/rvm/gems/ruby-1.9.3-p448/gems/railties-4.0.0/lib/rails/templates/rails/welcome/index.html.erb (0.1ms)
Completed 200 OK in 3ms (Views: 2.6ms | ActiveRecord: 0.0ms)


Started GET "/fastenv" for 111.248.58.71 at 2013-08-26 17:27:34 +0800

ActionController::RoutingError (No route matches [GET] "/fastenv"):
  actionpack (4.0.0) lib/action_dispatch/middleware/debug_exceptions.rb:21:in `call'
  actionpack (4.0.0) lib/action_dispatch/middleware/show_exceptions.rb:30:in `call'
  railties (4.0.0) lib/rails/rack/logger.rb:38:in `call_app'
  railties (4.0.0) lib/rails/rack/logger.rb:21:in `block in call'
  activesupport (4.0.0) lib/active_support/tagged_logging.rb:67:in `block in tagged'
  activesupport (4.0.0) lib/active_support/tagged_logging.rb:25:in `tagged'
  activesupport (4.0.0) lib/active_support/tagged_logging.rb:67:in `tagged'
  railties (4.0.0) lib/rails/rack/logger.rb:21:in `call'
  actionpack (4.0.0) lib/action_dispatch/middleware/request_id.rb:21:in `call'
  rack (1.5.2) lib/rack/methodoverride.rb:21:in `call'
  rack (1.5.2) lib/rack/runtime.rb:17:in `call'
  activesupport (4.0.0) lib/active_support/cache/strategy/local_cache.rb:83:in `call'
  rack (1.5.2) lib/rack/lock.rb:17:in `call'
  actionpack (4.0.0) lib/action_dispatch/middleware/static.rb:64:in `call'
  railties (4.0.0) lib/rails/engine.rb:511:in `call'
  railties (4.0.0) lib/rails/application.rb:97:in `call'
  rack (1.5.2) lib/rack/lock.rb:17:in `call'
  rack (1.5.2) lib/rack/content_length.rb:14:in `call'
  rack (1.5.2) lib/rack/handler/webrick.rb:60:in `service'
  /usr/local/rvm/rubies/ruby-1.9.3-p448/lib/ruby/1.9.1/webrick/httpserver.rb:138:in `service'
  /usr/local/rvm/rubies/ruby-1.9.3-p448/lib/ruby/1.9.1/webrick/httpserver.rb:94:in `run'
  /usr/local/rvm/rubies/ruby-1.9.3-p448/lib/ruby/1.9.1/webrick/server.rb:191:in `block in start_thread'


  Rendered /usr/local/rvm/gems/ruby-1.9.3-p448/gems/actionpack-4.0.0/lib/action_dispatch/middleware/templates/rescues/_trace.erb (2.2ms)
  Rendered /usr/local/rvm/gems/ruby-1.9.3-p448/gems/actionpack-4.0.0/lib/action_dispatch/middleware/templates/routes/_route.html.erb (1.3ms)
  Rendered /usr/local/rvm/gems/ruby-1.9.3-p448/gems/actionpack-4.0.0/lib/action_dispatch/middleware/templates/routes/_table.html.erb (2.1ms)
  Rendered /usr/local/rvm/gems/ruby-1.9.3-p448/gems/actionpack-4.0.0/lib/action_dispatch/middleware/templates/rescues/routing_error.erb within rescues/layout (25.7ms)


Started HEAD "/" for 202.141.151.78 at 2013-08-27 06:15:10 +0800
Processing by Rails::WelcomeController#index as HTML
  Rendered /usr/local/rvm/gems/ruby-1.9.3-p448/gems/railties-4.0.0/lib/rails/templates/rails/welcome/index.html.erb (0.2ms)
Completed 200 OK in 4ms (Views: 3.2ms | ActiveRecord: 0.0ms)


Started HEAD "/" for 122.160.168.29 at 2013-08-27 11:35:13 +0800
Processing by Rails::WelcomeController#index as HTML
  Rendered /usr/local/rvm/gems/ruby-1.9.3-p448/gems/railties-4.0.0/lib/rails/templates/rails/welcome/index.html.erb (0.1ms)
Completed 200 OK in 3ms (Views: 2.6ms | ActiveRecord: 0.0ms)


Started POST "/supermall?signature=afebaa46d874868e445cf9cb476e81002f6ca0eb&timestamp=1377606408&nonce=1377154631" for 101.226.61.223 at 2013-08-27 20:26:48 +0800

ActionController::RoutingError (No route matches [POST] "/supermall"):
  actionpack (4.0.0) lib/action_dispatch/middleware/debug_exceptions.rb:21:in `call'
  actionpack (4.0.0) lib/action_dispatch/middleware/show_exceptions.rb:30:in `call'
  railties (4.0.0) lib/rails/rack/logger.rb:38:in `call_app'
  railties (4.0.0) lib/rails/rack/logger.rb:21:in `block in call'
  activesupport (4.0.0) lib/active_support/tagged_logging.rb:67:in `block in tagged'
  activesupport (4.0.0) lib/active_support/tagged_logging.rb:25:in `tagged'
  activesupport (4.0.0) lib/active_support/tagged_logging.rb:67:in `tagged'
  railties (4.0.0) lib/rails/rack/logger.rb:21:in `call'
  actionpack (4.0.0) lib/action_dispatch/middleware/request_id.rb:21:in `call'
  rack (1.5.2) lib/rack/methodoverride.rb:21:in `call'
  rack (1.5.2) lib/rack/runtime.rb:17:in `call'
  activesupport (4.0.0) lib/active_support/cache/strategy/local_cache.rb:83:in `call'
  rack (1.5.2) lib/rack/lock.rb:17:in `call'
  actionpack (4.0.0) lib/action_dispatch/middleware/static.rb:64:in `call'
  railties (4.0.0) lib/rails/engine.rb:511:in `call'
  railties (4.0.0) lib/rails/application.rb:97:in `call'
  rack (1.5.2) lib/rack/lock.rb:17:in `call'
  rack (1.5.2) lib/rack/content_length.rb:14:in `call'
  rack (1.5.2) lib/rack/handler/webrick.rb:60:in `service'
  /usr/local/rvm/rubies/ruby-1.9.3-p448/lib/ruby/1.9.1/webrick/httpserver.rb:138:in `service'
  /usr/local/rvm/rubies/ruby-1.9.3-p448/lib/ruby/1.9.1/webrick/httpserver.rb:94:in `run'
  /usr/local/rvm/rubies/ruby-1.9.3-p448/lib/ruby/1.9.1/webrick/server.rb:191:in `block in start_thread'


  Rendered /usr/local/rvm/gems/ruby-1.9.3-p448/gems/actionpack-4.0.0/lib/action_dispatch/middleware/templates/rescues/_trace.erb (1.3ms)
  Rendered /usr/local/rvm/gems/ruby-1.9.3-p448/gems/actionpack-4.0.0/lib/action_dispatch/middleware/templates/routes/_route.html.erb (1.9ms)
  Rendered /usr/local/rvm/gems/ruby-1.9.3-p448/gems/actionpack-4.0.0/lib/action_dispatch/middleware/templates/routes/_table.html.erb (2.3ms)
  Rendered /usr/local/rvm/gems/ruby-1.9.3-p448/gems/actionpack-4.0.0/lib/action_dispatch/middleware/templates/rescues/routing_error.erb within rescues/layout (25.2ms)


Started POST "/supermall?signature=f3703e9afb07edb112b8fb4dbba7263ec4a56af2&timestamp=1377606416&nonce=1377288642" for 101.226.61.226 at 2013-08-27 20:26:56 +0800

ActionController::RoutingError (No route matches [POST] "/supermall"):
  actionpack (4.0.0) lib/action_dispatch/middleware/debug_exceptions.rb:21:in `call'
  actionpack (4.0.0) lib/action_dispatch/middleware/show_exceptions.rb:30:in `call'
  railties (4.0.0) lib/rails/rack/logger.rb:38:in `call_app'
  railties (4.0.0) lib/rails/rack/logger.rb:21:in `block in call'
  activesupport (4.0.0) lib/active_support/tagged_logging.rb:67:in `block in tagged'
  activesupport (4.0.0) lib/active_support/tagged_logging.rb:25:in `tagged'
  activesupport (4.0.0) lib/active_support/tagged_logging.rb:67:in `tagged'
  railties (4.0.0) lib/rails/rack/logger.rb:21:in `call'
  actionpack (4.0.0) lib/action_dispatch/middleware/request_id.rb:21:in `call'
  rack (1.5.2) lib/rack/methodoverride.rb:21:in `call'
  rack (1.5.2) lib/rack/runtime.rb:17:in `call'
  activesupport (4.0.0) lib/active_support/cache/strategy/local_cache.rb:83:in `call'
  rack (1.5.2) lib/rack/lock.rb:17:in `call'
  actionpack (4.0.0) lib/action_dispatch/middleware/static.rb:64:in `call'
  railties (4.0.0) lib/rails/engine.rb:511:in `call'
  railties (4.0.0) lib/rails/application.rb:97:in `call'
  rack (1.5.2) lib/rack/lock.rb:17:in `call'
  rack (1.5.2) lib/rack/content_length.rb:14:in `call'
  rack (1.5.2) lib/rack/handler/webrick.rb:60:in `service'
  /usr/local/rvm/rubies/ruby-1.9.3-p448/lib/ruby/1.9.1/webrick/httpserver.rb:138:in `service'
  /usr/local/rvm/rubies/ruby-1.9.3-p448/lib/ruby/1.9.1/webrick/httpserver.rb:94:in `run'
  /usr/local/rvm/rubies/ruby-1.9.3-p448/lib/ruby/1.9.1/webrick/server.rb:191:in `block in start_thread'


  Rendered /usr/local/rvm/gems/ruby-1.9.3-p448/gems/actionpack-4.0.0/lib/action_dispatch/middleware/templates/rescues/_trace.erb (3.2ms)
  Rendered /usr/local/rvm/gems/ruby-1.9.3-p448/gems/actionpack-4.0.0/lib/action_dispatch/middleware/templates/routes/_route.html.erb (1.8ms)
  Rendered /usr/local/rvm/gems/ruby-1.9.3-p448/gems/actionpack-4.0.0/lib/action_dispatch/middleware/templates/routes/_table.html.erb (2.9ms)
[2013-08-29 18:30:03] INFO  WEBrick 1.3.1
[2013-08-29 18:30:03] INFO  ruby 1.9.3 (2013-06-27) [x86_64-linux]
[2013-08-29 18:30:03] INFO  WEBrick::HTTPServer#start: pid=21208 port=80
[2013-08-29 18:30:03] INFO  going to shutdown ...
[2013-08-29 18:30:03] INFO  WEBrick::HTTPServer#start done.
=> Booting WEBrick
=> Rails 4.0.0 application starting in development on http://0.0.0.0:80
=> Run `rails server -h` for more startup options
=> Ctrl-C to shutdown server
Exiting
[2013-08-29 18:30:16] INFO  WEBrick 1.3.1
[2013-08-29 18:30:16] INFO  ruby 1.9.3 (2013-06-27) [x86_64-linux]
[2013-08-29 18:30:16] INFO  WEBrick::HTTPServer#start: pid=21231 port=80
REXML::Element.write is deprecated.  See REXML::Formatters
[2013-09-09 23:21:41] INFO  WEBrick 1.3.1
[2013-09-09 23:21:41] INFO  ruby 1.9.3 (2013-06-27) [x86_64-linux]
[2013-09-09 23:21:41] INFO  WEBrick::HTTPServer#start: pid=25000 port=80
